1608580778031	geckodriver	INFO	Listening on 127.0.0.1:64393
1608580781095	mozrunner::runner	INFO	Running command: "C:\\Program Files\\Mozilla Firefox\\firefox.exe" "--marionette" "-headless" "-foreground" "-no-remote" "-profile" "C:\\Users\\Lenovo\\AppData\\Local\\Temp\\rust_mozprofilezvYLu9"
*** You are running in headless mode.
console.warn: SearchSettings: "get: No settings file exists, new profile?" (new Error("", "(unknown module)"))
1608580784204	Marionette	INFO	Listening on port 64402
1608580784314	Marionette	WARN	TLS certificate errors will be ignored for this session
1608581114279	geckodriver	INFO	Listening on 127.0.0.1:64647
1608581117335	mozrunner::runner	INFO	Running command: "C:\\Program Files\\Mozilla Firefox\\firefox.exe" "--marionette" "-headless" "-foreground" "-no-remote" "-profile" "C:\\Users\\Lenovo\\AppData\\Local\\Temp\\rust_mozprofilek6FEiJ"
*** You are running in headless mode.
console.warn: SearchSettings: "get: No settings file exists, new profile?" (new Error("", "(unknown module)"))
1608581119597	Marionette	INFO	Listening on port 64656
1608581120024	Marionette	WARN	TLS certificate errors will be ignored for this session
JavaScript error: , line 0: NS_ERROR_NOT_AVAILABLE
1:64708
1608581136421	mozrunner::runner	INFO	Running command: "C:\\Program Files\\Mozilla Firefox\\firefox.exe" "--marionette" "-headless" "-foreground" "-no-remote" "-profile" "C:\\Users\\Lenovo\\AppData\\Local\\Temp\\rust_mozprofileo3WWhI"
*** You are running in headless mode.
console.warn: SearchSettings: "get: No settings file exists, new profile?" (new Error("", "(unknown module)"))
1608581138532	Marionette	INFO	Listening on port 64717
1608581138603	Marionette	WARN	TLS certificate errors will be ignored for this session
JavaScript error: , line 0: NS_ERROR_NOT_AVAILABLE
1:64852
1608581246661	mozrunner::runner	INFO	Running command: "C:\\Program Files\\Mozilla Firefox\\firefox.exe" "--marionette" "-headless" "-foreground" "-no-remote" "-profile" "C:\\Users\\Lenovo\\AppData\\Local\\Temp\\rust_mozprofileJttNvW"
*** You are running in headless mode.
console.warn: SearchSettings: "get: No settings file exists, new profile?" (new Error("", "(unknown module)"))
1608581248834	Marionette	INFO	Listening on port 64861
1608581249359	Marionette	WARN	TLS certificate errors will be ignored for this session
JavaScript error: , line 0: NS_ERROR_NOT_AVAILABLE
1:64965
1608581281903	mozrunner::runner	INFO	Running command: "C:\\Program Files\\Mozilla Firefox\\firefox.exe" "--marionette" "-headless" "-foreground" "-no-remote" "-profile" "C:\\Users\\Lenovo\\AppData\\Local\\Temp\\rust_mozprofileZJwyNv"
*** You are running in headless mode.
console.warn: SearchSettings: "get: No settings file exists, new profile?" (new Error("", "(unknown module)"))
1608581284245	Marionette	INFO	Listening on port 64974
1608581284589	Marionette	WARN	TLS certificate errors will be ignored for this session
JavaScript error: , line 0: NS_ERROR_NOT_AVAILABLE
1:65086
1608581346909	mozrunner::runner	INFO	Running command: "C:\\Program Files\\Mozilla Firefox\\firefox.exe" "--marionette" "-headless" "-foreground" "-no-remote" "-profile" "C:\\Users\\Lenovo\\AppData\\Local\\Temp\\rust_mozprofileyDhwNn"
*** You are running in headless mode.
console.warn: SearchSettings: "get: No settings file exists, new profile?" (new Error("", "(unknown module)"))
1608581349269	Marionette	INFO	Listening on port 65095
1608581349613	Marionette	WARN	TLS certificate errors will be ignored for this session
JavaScript error: , line 0: uncaught exception: undefined
JavaScript error: , line 0: NS_ERROR_NOT_AVAILABLE
1:65239
1608581455416	mozrunner::runner	INFO	Running command: "C:\\Program Files\\Mozilla Firefox\\firefox.exe" "--marionette" "-headless" "-foreground" "-no-remote" "-profile" "C:\\Users\\Lenovo\\AppData\\Local\\Temp\\rust_mozprofileavhU5f"
*** You are running in headless mode.
console.warn: SearchSettings: "get: No settings file exists, new profile?" (new Error("", "(unknown module)"))
1608581457714	Marionette	INFO	Listening on port 65248
1608581458112	Marionette	WARN	TLS certificate errors will be ignored for this session
JavaScript error: , line 0: NS_ERROR_NOT_AVAILABLE
1:65446
1608581670775	mozrunner::runner	INFO	Running command: "C:\\Program Files\\Mozilla Firefox\\firefox.exe" "--marionette" "-headless" "-foreground" "-no-remote" "-profile" "C:\\Users\\Lenovo\\AppData\\Local\\Temp\\rust_mozprofileUaUu50"
*** You are running in headless mode.
console.warn: SearchSettings: "get: No settings file exists, new profile?" (new Error("", "(unknown module)"))
1608581673104	Marionette	INFO	Listening on port 65455
1608581673462	Marionette	WARN	TLS certificate errors will be ignored for this session
JavaScript error: , line 0: uncaught exception: undefined
JavaScript error: , line 0: NS_ERROR_NOT_AVAILABLE
1:49282
1608581863441	mozrunner::runner	INFO	Running command: "C:\\Program Files\\Mozilla Firefox\\firefox.exe" "--marionette" "-headless" "-foreground" "-no-remote" "-profile" "C:\\Users\\Lenovo\\AppData\\Local\\Temp\\rust_mozprofileumUtT4"
*** You are running in headless mode.
console.warn: SearchSettings: "get: No settings file exists, new profile?" (new Error("", "(unknown module)"))
1608581865493	Marionette	INFO	Listening on port 49292
1608581865619	Marionette	WARN	TLS certificate errors will be ignored for this session
JavaScript error: , line 0: NS_ERROR_NOT_AVAILABLE
1:49460
1608582034239	mozrunner::runner	INFO	Running command: "C:\\Program Files\\Mozilla Firefox\\firefox.exe" "--marionette" "-foreground" "-no-remote" "-profile" "C:\\Users\\Lenovo\\AppData\\Local\\Temp\\rust_mozprofilefe6nsP"
Can't find symbol 'eglSwapBuffersWithDamageEXT'.
Can't find symbol 'eglSetDamageRegionKHR'.
console.warn: SearchSettings: "get: No settings file exists, new profile?" (new Error("", "(unknown module)"))
1608582037760	Marionette	INFO	Listening on port 49469
1608582037934	Marionette	WARN	TLS certificate errors will be ignored for this session
1608582167587	Marionette	INFO	Stopped listening on port 49469

###!!! [Child][RunMessage] Error: Channel closing: too late to send/recv, messages will be lost

1608582251352	geckodriver	INFO	Listening on 127.0.0.1:49715
1608582254397	mozrunner::runner	INFO	Running command: "C:\\Program Files\\Mozilla Firefox\\firefox.exe" "--marionette" "-foreground" "-no-remote" "-profile" "C:\\Users\\Lenovo\\AppData\\Local\\Temp\\rust_mozprofile37RdlD"
Can't find symbol 'eglSwapBuffersWithDamageEXT'.
Can't find symbol 'eglSetDamageRegionKHR'.
console.warn: SearchSettings: "get: No settings file exists, new profile?" (new Error("", "(unknown module)"))
1608582258342	Marionette	INFO	Listening on port 49726
1608582258603	Marionette	WARN	TLS certificate errors will be ignored for this session
1608582448666	geckodriver	INFO	Listening on 127.0.0.1:49905
1608582451714	mozrunner::runner	INFO	Running command: "C:\\Program Files\\Mozilla Firefox\\firefox.exe" "--marionette" "-foreground" "-no-remote" "-profile" "C:\\Users\\Lenovo\\AppData\\Local\\Temp\\rust_mozprofileoloz2d"
Can't find symbol 'eglSwapBuffersWithDamageEXT'.
Can't find symbol 'eglSetDamageRegionKHR'.
console.warn: SearchSettings: "get: No settings file exists, new profile?" (new Error("", "(unknown module)"))
1608582455098	Marionette	INFO	Listening on port 49914
1608582455407	Marionette	WARN	TLS certificate errors will be ignored for this session
1608582505891	Marionette	INFO	Stopped listening on port 49914

###!!! [Child][RunMessage] Error: Channel closing: too late to send/recv, messages will be lost

1608582868915	geckodriver	INFO	Listening on 127.0.0.1:50206
1608582871966	mozrunner::runner	INFO	Running command: "C:\\Program Files\\Mozilla Firefox\\firefox.exe" "--marionette" "-foreground" "-no-remote" "-profile" "C:\\Users\\Lenovo\\AppData\\Local\\Temp\\rust_mozprofileJuso2T"
Can't find symbol 'eglSwapBuffersWithDamageEXT'.
Can't find symbol 'eglSetDamageRegionKHR'.
console.warn: SearchSettings: "get: No settings file exists, new profile?" (new Error("", "(unknown module)"))
1608582875445	Marionette	INFO	Listening on port 50215
1608582875685	Marionette	WARN	TLS certificate errors will be ignored for this session
1608582932173	Marionette	INFO	Stopped listening on port 50215

###!!! [Child][RunMessage] Error: Channel closing: too late to send/recv, messages will be lost

1608583140831	geckodriver	INFO	Listening on 127.0.0.1:50442
1608583143891	mozrunner::runner	INFO	Running command: "C:\\Program Files\\Mozilla Firefox\\firefox.exe" "--marionette" "-foreground" "-no-remote" "-profile" "C:\\Users\\Lenovo\\AppData\\Local\\Temp\\rust_mozprofileUWGuvc"
Can't find symbol 'eglSwapBuffersWithDamageEXT'.
Can't find symbol 'eglSetDamageRegionKHR'.
console.warn: SearchSettings: "get: No settings file exists, new profile?" (new Error("", "(unknown module)"))
1608583147234	Marionette	INFO	Listening on port 50452
1608583147583	Marionette	WARN	TLS certificate errors will be ignored for this session
1608583161923	Marionette	INFO	Stopped listening on port 50452

###!!! [Child][RunMessage] Error: Channel closing: too late to send/recv, messages will be lost


###!!! [Child][RunMessage] Error: Channel closing: too late to send/recv, messages will be lost

1608583542097	geckodriver	INFO	Listening on 127.0.0.1:50724
1608583545166	mozrunner::runner	INFO	Running command: "C:\\Program Files\\Mozilla Firefox\\firefox.exe" "--marionette" "-foreground" "-no-remote" "-profile" "C:\\Users\\Lenovo\\AppData\\Local\\Temp\\rust_mozprofile7GCRQl"
Can't find symbol 'eglSwapBuffersWithDamageEXT'.
Can't find symbol 'eglSetDamageRegionKHR'.
console.warn: SearchSettings: "get: No settings file exists, new profile?" (new Error("", "(unknown module)"))
1608583548808	Marionette	INFO	Listening on port 50733
1608583548866	Marionette	WARN	TLS certificate errors will be ignored for this session
1608583551105	Marionette	INFO	Stopped listening on port 50733

###!!! [Child][RunMessage] Error: Channel closing: too late to send/recv, messages will be lost


###!!! [Child][RunMessage] Error: Channel closing: too late to send/recv, messages will be lost

1608583573953	geckodriver	INFO	Listening on 127.0.0.1:50810
1608583576995	mozrunner::runner	INFO	Running command: "C:\\Program Files\\Mozilla Firefox\\firefox.exe" "--marionette" "-foreground" "-no-remote" "-profile" "C:\\Users\\Lenovo\\AppData\\Local\\Temp\\rust_mozprofileuoESPP"
Can't find symbol 'eglSwapBuffersWithDamageEXT'.
Can't find symbol 'eglSetDamageRegionKHR'.
console.warn: SearchSettings: "get: No settings file exists, new profile?" (new Error("", "(unknown module)"))
1608583580270	Marionette	INFO	Listening on port 50820
1608583580704	Marionette	WARN	TLS certificate errors will be ignored for this session
1608583582907	Marionette	INFO	Stopped listening on port 50820

###!!! [Child][RunMessage] Error: Channel closing: too late to send/recv, messages will be lost

1608583742647	geckodriver	INFO	Listening on 127.0.0.1:50969
1608583745694	mozrunner::runner	INFO	Running command: "C:\\Program Files\\Mozilla Firefox\\firefox.exe" "--marionette" "-foreground" "-no-remote" "-profile" "C:\\Users\\Lenovo\\AppData\\Local\\Temp\\rust_mozprofileUVvlvZ"
Can't find symbol 'eglSwapBuffersWithDamageEXT'.
Can't find symbol 'eglSetDamageRegionKHR'.
console.warn: SearchSettings: "get: No settings file exists, new profile?" (new Error("", "(unknown module)"))
1608583749256	Marionette	INFO	Listening on port 50979
1608583749392	Marionette	WARN	TLS certificate errors will be ignored for this session
1608583751771	Marionette	INFO	Stopped listening on port 50979

###!!! [Child][RunMessage] Error: Channel closing: too late to send/recv, messages will be lost

1608583787007	geckodriver	INFO	Listening on 127.0.0.1:51067
1608583790050	mozrunner::runner	INFO	Running command: "C:\\Program Files\\Mozilla Firefox\\firefox.exe" "--marionette" "-foreground" "-no-remote" "-profile" "C:\\Users\\Lenovo\\AppData\\Local\\Temp\\rust_mozprofile6U7Yn2"
Can't find symbol 'eglSwapBuffersWithDamageEXT'.
Can't find symbol 'eglSetDamageRegionKHR'.
console.warn: SearchSettings: "get: No settings file exists, new profile?" (new Error("", "(unknown module)"))
1608583793434	Marionette	INFO	Listening on port 51076
1608583793780	Marionette	WARN	TLS certificate errors will be ignored for this session
1608583813382	Marionette	INFO	Stopped listening on port 51076

###!!! [Child][RunMessage] Error: Channel closing: too late to send/recv, messages will be lost

1608583831849	geckodriver	INFO	Listening on 127.0.0.1:51176
1608583834886	mozrunner::runner	INFO	Running command: "C:\\Program Files\\Mozilla Firefox\\firefox.exe" "--marionette" "-foreground" "-no-remote" "-profile" "C:\\Users\\Lenovo\\AppData\\Local\\Temp\\rust_mozprofiletgwc6G"
Can't find symbol 'eglSwapBuffersWithDamageEXT'.
Can't find symbol 'eglSetDamageRegionKHR'.
console.warn: SearchSettings: "get: No settings file exists, new profile?" (new Error("", "(unknown module)"))
1608583838225	Marionette	INFO	Listening on port 51185
1608583838589	Marionette	WARN	TLS certificate errors will be ignored for this session
A content process crashed and MOZ_CRASHREPORTER_SHUTDOWN is set, shutting down

###!!! [Parent][MessageChannel] Error: (msgtype=0x3A0147,name=PContent::Msg_AsyncMessage) Channel error: cannot send/recv


###!!! [Parent][MessageChannel] Error: (msgtype=0x3A0147,name=PContent::Msg_AsyncMessage) Channel error: cannot send/recv

A content process crashed and MOZ_CRASHREPORTER_SHUTDOWN is set, shutting down
JavaScript error: chrome://global/content/elements/browser-custom-element.js, line 1659: Error: permitUnload is already running for this tab.
1608584496966	geckodriver	INFO	Listening on 127.0.0.1:51670
1608584499999	mozrunner::runner	INFO	Running command: "C:\\Program Files\\Mozilla Firefox\\firefox.exe" "--marionette" "-foreground" "-no-remote" "-profile" "C:\\Users\\Lenovo\\AppData\\Local\\Temp\\rust_mozprofileiIgrdA"
Can't find symbol 'eglSwapBuffersWithDamageEXT'.
Can't find symbol 'eglSetDamageRegionKHR'.
console.warn: SearchSettings: "get: No settings file exists, new profile?" (new Error("", "(unknown module)"))
1608584503585	Marionette	INFO	Listening on port 51679
1608584503706	Marionette	WARN	TLS certificate errors will be ignored for this session
JavaScript error: , line 0: uncaught exception: undefined
1608584546446	geckodriver	INFO	Listening on 127.0.0.1:51777
1608584549513	mozrunner::runner	INFO	Running command: "C:\\Program Files\\Mozilla Firefox\\firefox.exe" "--marionette" "-foreground" "-no-remote" "-profile" "C:\\Users\\Lenovo\\AppData\\Local\\Temp\\rust_mozprofile9vD54Y"
Can't find symbol 'eglSwapBuffersWithDamageEXT'.
Can't find symbol 'eglSetDamageRegionKHR'.
console.warn: SearchSettings: "get: No settings file exists, new profile?" (new Error("", "(unknown module)"))
1608584552819	Marionette	INFO	Listening on port 51787
1608584553205	Marionette	WARN	TLS certificate errors will be ignored for this session
JavaScript error: https://www.booking.com/hotel/hu/t62.hu.html?label=gen173nr-1FCAEoggI46AdIM1gEaGeIAQGYARG4ARfIAQ_YAQHoAQH4AQuIAgGoAgO4AumahP8FwAIB0gIkY2QzZGVhYWUtN2RlYS00ZDgxLTkwNGYtZmE5NTJmZTQ3NzBm2AIG4AIB&sid=40301a6da6cc3c1307215ae8c9e480a9&dest_id=2279&dest_type=district&group_adults=2&group_children=0&hapos=1&hpos=1&no_rooms=1&sr_order=popularity&srepoch=1608584559&srpvid=cab593f7ff260102&ucfs=1&from=searchresults;highlight_room=#hotelTmpl, line 1362: NS_ERROR_NOT_INITIALIZED: 
1608584563986	Marionette	INFO	Stopped listening on port 51787

###!!! [Child][RunMessage] Error: Channel closing: too late to send/recv, messages will be lost

1608584734681	geckodriver	INFO	Listening on 127.0.0.1:51953
1608584737728	mozrunner::runner	INFO	Running command: "C:\\Program Files\\Mozilla Firefox\\firefox.exe" "--marionette" "-foreground" "-no-remote" "-profile" "C:\\Users\\Lenovo\\AppData\\Local\\Temp\\rust_mozprofileCHmYyp"
Can't find symbol 'eglSwapBuffersWithDamageEXT'.
Can't find symbol 'eglSetDamageRegionKHR'.
console.warn: SearchSettings: "get: No settings file exists, new profile?" (new Error("", "(unknown module)"))
1608584741077	Marionette	INFO	Listening on port 51963
1608584741413	Marionette	WARN	TLS certificate errors will be ignored for this session
1608584745807	Marionette	INFO	Stopped listening on port 51963

###!!! [Child][RunMessage] Error: Channel closing: too late to send/recv, messages will be lost


###!!! [Child][RunMessage] Error: Channel closing: too late to send/recv, messages will be lost


###!!! [Child][RunMessage] Error: Channel closing: too late to send/recv, messages will be lost

1608584806495	geckodriver	INFO	Listening on 127.0.0.1:52076
1608584809544	mozrunner::runner	INFO	Running command: "C:\\Program Files\\Mozilla Firefox\\firefox.exe" "--marionette" "-foreground" "-no-remote" "-profile" "C:\\Users\\Lenovo\\AppData\\Local\\Temp\\rust_mozprofile4J8uGM"
Can't find symbol 'eglSwapBuffersWithDamageEXT'.
Can't find symbol 'eglSetDamageRegionKHR'.
console.warn: SearchSettings: "get: No settings file exists, new profile?" (new Error("", "(unknown module)"))
1608584812899	Marionette	INFO	Listening on port 52085
1608584813228	Marionette	WARN	TLS certificate errors will be ignored for this session
1608584819807	Marionette	INFO	Stopped listening on port 52085

###!!! [Child][RunMessage] Error: Channel closing: too late to send/recv, messages will be lost


###!!! [Child][RunMessage] Error: Channel closing: too late to send/recv, messages will be lost


###!!! [Child][RunMessage] Error: Channel closing: too late to send/recv, messages will be lost

1608584920046	geckodriver	INFO	Listening on 127.0.0.1:52250
1608584923096	mozrunner::runner	INFO	Running command: "C:\\Program Files\\Mozilla Firefox\\firefox.exe" "--marionette" "-foreground" "-no-remote" "-profile" "C:\\Users\\Lenovo\\AppData\\Local\\Temp\\rust_mozprofileQPV64t"
Can't find symbol 'eglSwapBuffersWithDamageEXT'.
Can't find symbol 'eglSetDamageRegionKHR'.
console.warn: SearchSettings: "get: No settings file exists, new profile?" (new Error("", "(unknown module)"))
1608584926303	Marionette	INFO	Listening on port 52259
1608584926777	Marionette	WARN	TLS certificate errors will be ignored for this session
JavaScript error: resource://gre/modules/AsyncShutdown.jsm, line 573: NotFoundError: No such JSWindowActor 'MarionetteEvents'
JavaScript error: resource:///actors/ContentMetaChild.jsm, line 179: InvalidStateError: JSWindowActorChild.sendAsyncMessage: JSWindowActorChild cannot send at the moment
1608584939052	Marionette	INFO	Stopped listening on port 52259

###!!! [Child][RunMessage] Error: Channel closing: too late to send/recv, messages will be lost

1608585254748	geckodriver	INFO	Listening on 127.0.0.1:52537
1608585257793	mozrunner::runner	INFO	Running command: "C:\\Program Files\\Mozilla Firefox\\firefox.exe" "--marionette" "-foreground" "-no-remote" "-profile" "C:\\Users\\Lenovo\\AppData\\Local\\Temp\\rust_mozprofileFvIZAX"
Can't find symbol 'eglSwapBuffersWithDamageEXT'.
Can't find symbol 'eglSetDamageRegionKHR'.
console.warn: SearchSettings: "get: No settings file exists, new profile?" (new Error("", "(unknown module)"))
1608585261210	Marionette	INFO	Listening on port 52547
1608585261490	Marionette	WARN	TLS certificate errors will be ignored for this session
IPDL protocol error: Handler returned error code!

###!!! [Parent][DispatchAsyncMessage] Error: PMessagePort::Msg_PostMessages Processing error: message was deserialized, but the handler returned false (indicating failure)

1608585820728	geckodriver	INFO	Listening on 127.0.0.1:52951
1608585823802	mozrunner::runner	INFO	Running command: "C:\\Program Files\\Mozilla Firefox\\firefox.exe" "--marionette" "-foreground" "-no-remote" "-profile" "C:\\Users\\Lenovo\\AppData\\Local\\Temp\\rust_mozprofileRh2nUp"
Can't find symbol 'eglSwapBuffersWithDamageEXT'.
Can't find symbol 'eglSetDamageRegionKHR'.
console.warn: SearchSettings: "get: No settings file exists, new profile?" (new Error("", "(unknown module)"))
1608585827228	Marionette	INFO	Listening on port 52960
1608585827513	Marionette	WARN	TLS certificate errors will be ignored for this session
1608585836233	Marionette	INFO	Stopped listening on port 52960

###!!! [Child][RunMessage] Error: Channel closing: too late to send/recv, messages will be lost

1608585902991	geckodriver	INFO	Listening on 127.0.0.1:53073
1608585906045	mozrunner::runner	INFO	Running command: "C:\\Program Files\\Mozilla Firefox\\firefox.exe" "--marionette" "-foreground" "-no-remote" "-profile" "C:\\Users\\Lenovo\\AppData\\Local\\Temp\\rust_mozprofilety37lV"
Can't find symbol 'eglSwapBuffersWithDamageEXT'.
Can't find symbol 'eglSetDamageRegionKHR'.
console.warn: SearchSettings: "get: No settings file exists, new profile?" (new Error("", "(unknown module)"))
1608585909598	Marionette	INFO	Listening on port 53082
1608585909756	Marionette	WARN	TLS certificate errors will be ignored for this session

###!!! [Child][RunMessage] Error: Channel closing: too late to send/recv, messages will be lost

1608585964363	Marionette	INFO	Stopped listening on port 53082

###!!! [Child][RunMessage] Error: Channel closing: too late to send/recv, messages will be lost

1608585978343	geckodriver	INFO	Listening on 127.0.0.1:60440
1608585981400	mozrunner::runner	INFO	Running command: "C:\\Program Files\\Mozilla Firefox\\firefox.exe" "--marionette" "-foreground" "-no-remote" "-profile" "C:\\Users\\Lenovo\\AppData\\Local\\Temp\\rust_mozprofiley5ckqb"
Can't find symbol 'eglSwapBuffersWithDamageEXT'.
Can't find symbol 'eglSetDamageRegionKHR'.
console.warn: SearchSettings: "get: No settings file exists, new profile?" (new Error("", "(unknown module)"))
1608585984678	Marionette	INFO	Listening on port 60449
1608585985114	Marionette	WARN	TLS certificate errors will be ignored for this session
1608585993990	Marionette	INFO	Stopped listening on port 60449

###!!! [Child][RunMessage] Error: Channel closing: too late to send/recv, messages will be lost


###!!! [Child][RunMessage] Error: Channel closing: too late to send/recv, messages will be lost


###!!! [Child][RunMessage] Error: Channel closing: too late to send/recv, messages will be lost

1608586001373	geckodriver	INFO	Listening on 127.0.0.1:60576
1608586004408	mozrunner::runner	INFO	Running command: "C:\\Program Files\\Mozilla Firefox\\firefox.exe" "--marionette" "-foreground" "-no-remote" "-profile" "C:\\Users\\Lenovo\\AppData\\Local\\Temp\\rust_mozprofilezfoqDF"
Can't find symbol 'eglSwapBuffersWithDamageEXT'.
Can't find symbol 'eglSetDamageRegionKHR'.
console.warn: SearchSettings: "get: No settings file exists, new profile?" (new Error("", "(unknown module)"))
1608586007686	Marionette	INFO	Listening on port 60585
1608586008069	Marionette	WARN	TLS certificate errors will be ignored for this session
1608586038780	Marionette	INFO	Stopped listening on port 60585

###!!! [Child][RunMessage] Error: Channel closing: too late to send/recv, messages will be lost


###!!! [Child][RunMessage] Error: Channel closing: too late to send/recv, messages will be lost

1608586046438	geckodriver	INFO	Listening on 127.0.0.1:60726
1608586049516	mozrunner::runner	INFO	Running command: "C:\\Program Files\\Mozilla Firefox\\firefox.exe" "--marionette" "-foreground" "-no-remote" "-profile" "C:\\Users\\Lenovo\\AppData\\Local\\Temp\\rust_mozprofile3BALJb"
Can't find symbol 'eglSwapBuffersWithDamageEXT'.
Can't find symbol 'eglSetDamageRegionKHR'.
console.warn: SearchSettings: "get: No settings file exists, new profile?" (new Error("", "(unknown module)"))
1608586053020	Marionette	INFO	Listening on port 60735
1608586053214	Marionette	WARN	TLS certificate errors will be ignored for this session
1608586061969	Marionette	INFO	Stopped listening on port 60735

###!!! [Child][RunMessage] Error: Channel closing: too late to send/recv, messages will be lost

1608586181562	geckodriver	INFO	Listening on 127.0.0.1:60960
1608586184616	mozrunner::runner	INFO	Running command: "C:\\Program Files\\Mozilla Firefox\\firefox.exe" "--marionette" "-foreground" "-no-remote" "-profile" "C:\\Users\\Lenovo\\AppData\\Local\\Temp\\rust_mozprofileVqfFu1"
Can't find symbol 'eglSwapBuffersWithDamageEXT'.
Can't find symbol 'eglSetDamageRegionKHR'.
console.warn: SearchSettings: "get: No settings file exists, new profile?" (new Error("", "(unknown module)"))
1608586188106	Marionette	INFO	Listening on port 60969
1608586188323	Marionette	WARN	TLS certificate errors will be ignored for this session
1608586240815	Marionette	INFO	Stopped listening on port 60969

###!!! [Child][RunMessage] Error: Channel closing: too late to send/recv, messages will be lost

1608586259463	geckodriver	INFO	Listening on 127.0.0.1:61156
1608586262509	mozrunner::runner	INFO	Running command: "C:\\Program Files\\Mozilla Firefox\\firefox.exe" "--marionette" "-foreground" "-no-remote" "-profile" "C:\\Users\\Lenovo\\AppData\\Local\\Temp\\rust_mozprofilelC90cC"
Can't find symbol 'eglSwapBuffersWithDamageEXT'.
Can't find symbol 'eglSetDamageRegionKHR'.
console.warn: SearchSettings: "get: No settings file exists, new profile?" (new Error("", "(unknown module)"))
1608586265763	Marionette	INFO	Listening on port 61166
1608586266199	Marionette	WARN	TLS certificate errors will be ignored for this session
1608586300210	Marionette	INFO	Stopped listening on port 61166

###!!! [Child][RunMessage] Error: Channel closing: too late to send/recv, messages will be lost


###!!! [Child][RunMessage] Error: Channel closing: too late to send/recv, messages will be lost

1608586605568	geckodriver	INFO	Listening on 127.0.0.1:61485
1608586608631	mozrunner::runner	INFO	Running command: "C:\\Program Files\\Mozilla Firefox\\firefox.exe" "--marionette" "-foreground" "-no-remote" "-profile" "C:\\Users\\Lenovo\\AppData\\Local\\Temp\\rust_mozprofilebBOgwR"
Can't find symbol 'eglSwapBuffersWithDamageEXT'.
Can't find symbol 'eglSetDamageRegionKHR'.
console.warn: SearchSettings: "get: No settings file exists, new profile?" (new Error("", "(unknown module)"))
1608586612303	Marionette	INFO	Listening on port 61496
1608586612347	Marionette	WARN	TLS certificate errors will be ignored for this session
1608586644062	Marionette	INFO	Stopped listening on port 61496

###!!! [Child][RunMessage] Error: Channel closing: too late to send/recv, messages will be lost

1608589367147	geckodriver	INFO	Listening on 127.0.0.1:62516
1608589370194	mozrunner::runner	INFO	Running command: "C:\\Program Files\\Mozilla Firefox\\firefox.exe" "--marionette" "-foreground" "-no-remote" "-profile" "C:\\Users\\Lenovo\\AppData\\Local\\Temp\\rust_mozprofilelc9s6j"
Can't find symbol 'eglSwapBuffersWithDamageEXT'.
Can't find symbol 'eglSetDamageRegionKHR'.
console.warn: SearchSettings: "get: No settings file exists, new profile?" (new Error("", "(unknown module)"))
1608589373532	Marionette	INFO	Listening on port 62525
1608589373894	Marionette	WARN	TLS certificate errors will be ignored for this session
1608589490496	geckodriver	INFO	Listening on 127.0.0.1:62629
1608589493546	mozrunner::runner	INFO	Running command: "C:\\Program Files\\Mozilla Firefox\\firefox.exe" "--marionette" "-foreground" "-no-remote" "-profile" "C:\\Users\\Lenovo\\AppData\\Local\\Temp\\rust_mozprofileMlgnoL"
Can't find symbol 'eglSwapBuffersWithDamageEXT'.
Can't find symbol 'eglSetDamageRegionKHR'.
console.warn: SearchSettings: "get: No settings file exists, new profile?" (new Error("", "(unknown module)"))
1608589496944	Marionette	INFO	Listening on port 62639
1608589497224	Marionette	WARN	TLS certificate errors will be ignored for this session
1608589530829	Marionette	INFO	Stopped listening on port 62639

###!!! [Child][RunMessage] Error: Channel closing: too late to send/recv, messages will be lost

1608589627549	geckodriver	INFO	Listening on 127.0.0.1:49855
1608589630620	mozrunner::runner	INFO	Running command: "C:\\Program Files\\Mozilla Firefox\\firefox.exe" "--marionette" "-foreground" "-no-remote" "-profile" "C:\\Users\\Lenovo\\AppData\\Local\\Temp\\rust_mozprofileIiG2DR"
Can't find symbol 'eglSwapBuffersWithDamageEXT'.
Can't find symbol 'eglSetDamageRegionKHR'.
console.warn: SearchSettings: "get: No settings file exists, new profile?" (new Error("", "(unknown module)"))
1608589634605	Marionette	INFO	Listening on port 49865
1608589634837	Marionette	WARN	TLS certificate errors will be ignored for this session
1608589667963	Marionette	INFO	Stopped listening on port 49865
1608589709872	geckodriver	INFO	Listening on 127.0.0.1:50030
1608589712909	mozrunner::runner	INFO	Running command: "C:\\Program Files\\Mozilla Firefox\\firefox.exe" "--marionette" "-foreground" "-no-remote" "-profile" "C:\\Users\\Lenovo\\AppData\\Local\\Temp\\rust_mozprofilez0uK66"
Can't find symbol 'eglSwapBuffersWithDamageEXT'.
Can't find symbol 'eglSetDamageRegionKHR'.
console.warn: SearchSettings: "get: No settings file exists, new profile?" (new Error("", "(unknown module)"))
1608589716295	Marionette	INFO	Listening on port 50041
1608589716620	Marionette	WARN	TLS certificate errors will be ignored for this session
1608589750681	Marionette	INFO	Stopped listening on port 50041

###!!! [Child][RunMessage] Error: Channel closing: too late to send/recv, messages will be lost

1608589827118	geckodriver	INFO	Listening on 127.0.0.1:50228
1608589830175	mozrunner::runner	INFO	Running command: "C:\\Program Files\\Mozilla Firefox\\firefox.exe" "--marionette" "-foreground" "-no-remote" "-profile" "C:\\Users\\Lenovo\\AppData\\Local\\Temp\\rust_mozprofileCREhdx"
Can't find symbol 'eglSwapBuffersWithDamageEXT'.
Can't find symbol 'eglSetDamageRegionKHR'.
console.warn: SearchSettings: "get: No settings file exists, new profile?" (new Error("", "(unknown module)"))
1608589833501	Marionette	INFO	Listening on port 50237
1608589833873	Marionette	WARN	TLS certificate errors will be ignored for this session
1608589867225	Marionette	INFO	Stopped listening on port 50237

###!!! [Child][RunMessage] Error: Channel closing: too late to send/recv, messages will be lost


###!!! [Child][RunMessage] Error: Channel closing: too late to send/recv, messages will be lost

1608589918221	geckodriver	INFO	Listening on 127.0.0.1:50410
1608589921253	mozrunner::runner	INFO	Running command: "C:\\Program Files\\Mozilla Firefox\\firefox.exe" "--marionette" "-foreground" "-no-remote" "-profile" "C:\\Users\\Lenovo\\AppData\\Local\\Temp\\rust_mozprofileNqzIrs"
Can't find symbol 'eglSwapBuffersWithDamageEXT'.
Can't find symbol 'eglSetDamageRegionKHR'.
console.warn: SearchSettings: "get: No settings file exists, new profile?" (new Error("", "(unknown module)"))
1608589924626	Marionette	INFO	Listening on port 50419
1608589924944	Marionette	WARN	TLS certificate errors will be ignored for this session
1608589958476	Marionette	INFO	Stopped listening on port 50419

###!!! [Child][RunMessage] Error: Channel closing: too late to send/recv, messages will be lost


###!!! [Child][RunMessage] Error: Channel closing: too late to send/recv, messages will be lost

1608590175945	geckodriver	INFO	Listening on 127.0.0.1:50683
1608590178993	mozrunner::runner	INFO	Running command: "C:\\Program Files\\Mozilla Firefox\\firefox.exe" "--marionette" "-foreground" "-no-remote" "-profile" "C:\\Users\\Lenovo\\AppData\\Local\\Temp\\rust_mozprofilewOierT"
Can't find symbol 'eglSwapBuffersWithDamageEXT'.
Can't find symbol 'eglSetDamageRegionKHR'.
console.warn: SearchSettings: "get: No settings file exists, new profile?" (new Error("", "(unknown module)"))
1608590182327	Marionette	INFO	Listening on port 50693
1608590182680	Marionette	WARN	TLS certificate errors will be ignored for this session
1608590216389	Marionette	INFO	Stopped listening on port 50693

###!!! [Child][RunMessage] Error: Channel closing: too late to send/recv, messages will be lost

1608590269388	geckodriver	INFO	Listening on 127.0.0.1:50868
1608590272425	mozrunner::runner	INFO	Running command: "C:\\Program Files\\Mozilla Firefox\\firefox.exe" "--marionette" "-foreground" "-no-remote" "-profile" "C:\\Users\\Lenovo\\AppData\\Local\\Temp\\rust_mozprofile44ymJE"
Can't find symbol 'eglSwapBuffersWithDamageEXT'.
Can't find symbol 'eglSetDamageRegionKHR'.
console.warn: SearchSettings: "get: No settings file exists, new profile?" (new Error("", "(unknown module)"))
1608590275754	Marionette	INFO	Listening on port 50878
1608590276102	Marionette	WARN	TLS certificate errors will be ignored for this session
1608590309312	Marionette	INFO	Stopped listening on port 50878

###!!! [Child][RunMessage] Error: Channel closing: too late to send/recv, messages will be lost


###!!! [Child][RunMessage] Error: Channel closing: too late to send/recv, messages will be lost

1608590332270	geckodriver	INFO	Listening on 127.0.0.1:51034
1608590335314	mozrunner::runner	INFO	Running command: "C:\\Program Files\\Mozilla Firefox\\firefox.exe" "--marionette" "-foreground" "-no-remote" "-profile" "C:\\Users\\Lenovo\\AppData\\Local\\Temp\\rust_mozprofileY7AVjT"
Can't find symbol 'eglSwapBuffersWithDamageEXT'.
Can't find symbol 'eglSetDamageRegionKHR'.
console.warn: SearchSettings: "get: No settings file exists, new profile?" (new Error("", "(unknown module)"))
1608590338470	Marionette	INFO	Listening on port 51043
1608590338524	Marionette	WARN	TLS certificate errors will be ignored for this session
JavaScript error: resource://devtools/client/jsonview/Sniffer.jsm, line 56: NS_ERROR_NOT_AVAILABLE: Component returned failure code: 0x80040111 (NS_ERROR_NOT_AVAILABLE) [nsIChannel.contentType]
1608590372245	Marionette	INFO	Stopped listening on port 51043

###!!! [Child][RunMessage] Error: Channel closing: too late to send/recv, messages will be lost

1608590458562	geckodriver	INFO	Listening on 127.0.0.1:51232
1608590461601	mozrunner::runner	INFO	Running command: "C:\\Program Files\\Mozilla Firefox\\firefox.exe" "--marionette" "-foreground" "-no-remote" "-profile" "C:\\Users\\Lenovo\\AppData\\Local\\Temp\\rust_mozprofileZzOVzg"
Can't find symbol 'eglSwapBuffersWithDamageEXT'.
Can't find symbol 'eglSetDamageRegionKHR'.
console.warn: SearchSettings: "get: No settings file exists, new profile?" (new Error("", "(unknown module)"))
1608590464887	Marionette	INFO	Listening on port 51241
1608590465308	Marionette	WARN	TLS certificate errors will be ignored for this session
1608590498833	Marionette	INFO	Stopped listening on port 51241

###!!! [Child][RunMessage] Error: Channel closing: too late to send/recv, messages will be lost


###!!! [Child][RunMessage] Error: Channel closing: too late to send/recv, messages will be lost


###!!! [Child][RunMessage] Error: Channel closing: too late to send/recv, messages will be lost


###!!! [Child][RunMessage] Error: Channel closing: too late to send/recv, messages will be lost

1608590510963	geckodriver	INFO	Listening on 127.0.0.1:51397
1608590513997	mozrunner::runner	INFO	Running command: "C:\\Program Files\\Mozilla Firefox\\firefox.exe" "--marionette" "-foreground" "-no-remote" "-profile" "C:\\Users\\Lenovo\\AppData\\Local\\Temp\\rust_mozprofileyNQxko"
Can't find symbol 'eglSwapBuffersWithDamageEXT'.
Can't find symbol 'eglSetDamageRegionKHR'.
console.warn: SearchSettings: "get: No settings file exists, new profile?" (new Error("", "(unknown module)"))
1608590517336	Marionette	INFO	Listening on port 51406
1608590517677	Marionette	WARN	TLS certificate errors will be ignored for this session
JavaScript error: , line 0: NotFoundError: No such JSWindowActor 'MarionetteEvents'
JavaScript error: , line 0: NotFoundError: No such JSWindowActor 'MarionetteEvents'
JavaScript error: , line 0: NotFoundError: No such JSWindowActor 'MarionetteEvents'
1608590551751	Marionette	INFO	Stopped listening on port 51406

###!!! [Child][RunMessage] Error: Channel closing: too late to send/recv, messages will be lost

1608590657789	geckodriver	INFO	Listening on 127.0.0.1:51629
1608590660847	mozrunner::runner	INFO	Running command: "C:\\Program Files\\Mozilla Firefox\\firefox.exe" "--marionette" "-foreground" "-no-remote" "-profile" "C:\\Users\\Lenovo\\AppData\\Local\\Temp\\rust_mozprofileHvBvwP"
Can't find symbol 'eglSwapBuffersWithDamageEXT'.
Can't find symbol 'eglSetDamageRegionKHR'.
console.warn: SearchSettings: "get: No settings file exists, new profile?" (new Error("", "(unknown module)"))
1608590664125	Marionette	INFO	Listening on port 51638
1608590664542	Marionette	WARN	TLS certificate errors will be ignored for this session
1608590698152	Marionette	INFO	Stopped listening on port 51638
1608590872636	geckodriver	INFO	Listening on 127.0.0.1:51873
1608590875698	mozrunner::runner	INFO	Running command: "C:\\Program Files\\Mozilla Firefox\\firefox.exe" "--marionette" "-foreground" "-no-remote" "-profile" "C:\\Users\\Lenovo\\AppData\\Local\\Temp\\rust_mozprofileTzf5eh"
Can't find symbol 'eglSwapBuffersWithDamageEXT'.
Can't find symbol 'eglSetDamageRegionKHR'.
console.warn: SearchSettings: "get: No settings file exists, new profile?" (new Error("", "(unknown module)"))
1608590879050	Marionette	INFO	Listening on port 51883
1608590879383	Marionette	WARN	TLS certificate errors will be ignored for this session
1608590913042	Marionette	INFO	Stopped listening on port 51883
1608590932747	geckodriver	INFO	Listening on 127.0.0.1:52049
1608590935797	mozrunner::runner	INFO	Running command: "C:\\Program Files\\Mozilla Firefox\\firefox.exe" "--marionette" "-foreground" "-no-remote" "-profile" "C:\\Users\\Lenovo\\AppData\\Local\\Temp\\rust_mozprofileCEnlql"
Can't find symbol 'eglSwapBuffersWithDamageEXT'.
Can't find symbol 'eglSetDamageRegionKHR'.
console.warn: SearchSettings: "get: No settings file exists, new profile?" (new Error("", "(unknown module)"))
1608590939055	Marionette	INFO	Listening on port 52058
1608590939493	Marionette	WARN	TLS certificate errors will be ignored for this session
1608590974012	Marionette	INFO	Stopped listening on port 52058
1608591365280	geckodriver	INFO	Listening on 127.0.0.1:52426
1608591368366	mozrunner::runner	INFO	Running command: "C:\\Program Files\\Mozilla Firefox\\firefox.exe" "--marionette" "-foreground" "-no-remote" "-profile" "C:\\Users\\Lenovo\\AppData\\Local\\Temp\\rust_mozprofileYjFPBv"
Can't find symbol 'eglSwapBuffersWithDamageEXT'.
Can't find symbol 'eglSetDamageRegionKHR'.
console.warn: SearchSettings: "get: No settings file exists, new profile?" (new Error("", "(unknown module)"))
1608591372578	Marionette	INFO	Listening on port 52435
1608591372616	Marionette	WARN	TLS certificate errors will be ignored for this session
1608591409443	Marionette	INFO	Stopped listening on port 52435

###!!! [Child][RunMessage] Error: Channel closing: too late to send/recv, messages will be lost


###!!! [Child][RunMessage] Error: Channel closing: too late to send/recv, messages will be lost

1608591478210	geckodriver	INFO	Listening on 127.0.0.1:52624
1608591481321	mozrunner::runner	INFO	Running command: "C:\\Program Files\\Mozilla Firefox\\firefox.exe" "--marionette" "-foreground" "-no-remote" "-profile" "C:\\Users\\Lenovo\\AppData\\Local\\Temp\\rust_mozprofileJOaZg6"
Can't find symbol 'eglSwapBuffersWithDamageEXT'.
Can't find symbol 'eglSetDamageRegionKHR'.
console.warn: SearchSettings: "get: No settings file exists, new profile?" (new Error("", "(unknown module)"))
1608591485154	Marionette	INFO	Listening on port 52635
1608591485603	Marionette	WARN	TLS certificate errors will be ignored for this session
1608591522746	Marionette	INFO	Stopped listening on port 52635

###!!! [Child][RunMessage] Error: Channel closing: too late to send/recv, messages will be lost

1608591555111	geckodriver	INFO	Listening on 127.0.0.1:52810
1608591558197	mozrunner::runner	INFO	Running command: "C:\\Program Files\\Mozilla Firefox\\firefox.exe" "--marionette" "-foreground" "-no-remote" "-profile" "C:\\Users\\Lenovo\\AppData\\Local\\Temp\\rust_mozprofileuUTqwA"
Can't find symbol 'eglSwapBuffersWithDamageEXT'.
Can't find symbol 'eglSetDamageRegionKHR'.
console.warn: SearchSettings: "get: No settings file exists, new profile?" (new Error("", "(unknown module)"))
1608591562028	Marionette	INFO	Listening on port 52820
1608591562439	Marionette	WARN	TLS certificate errors will be ignored for this session
1608591598845	Marionette	INFO	Stopped listening on port 52820

###!!! [Child][RunMessage] Error: Channel closing: too late to send/recv, messages will be lost


###!!! [Child][RunMessage] Error: Channel closing: too late to send/recv, messages will be lost

1608591717940	geckodriver	INFO	Listening on 127.0.0.1:53036
1608591721036	mozrunner::runner	INFO	Running command: "C:\\Program Files\\Mozilla Firefox\\firefox.exe" "--marionette" "-foreground" "-no-remote" "-profile" "C:\\Users\\Lenovo\\AppData\\Local\\Temp\\rust_mozprofilevxU50r"
Can't find symbol 'eglSwapBuffersWithDamageEXT'.
Can't find symbol 'eglSetDamageRegionKHR'.
console.warn: SearchSettings: "get: No settings file exists, new profile?" (new Error("", "(unknown module)"))
1608591725207	Marionette	INFO	Listening on port 53045
1608591725255	Marionette	WARN	TLS certificate errors will be ignored for this session
1608591760934	Marionette	INFO	Stopped listening on port 53045
[Child 12236, Chrome_ChildThread] WARNING: pipe error: 232: file /builds/worker/checkouts/gecko/ipc/chromium/src/chrome/common/ipc_channel_win.cc:545
[Child 12236, Chrome_ChildThread] WARNING: pipe error: 232: file /builds/worker/checkouts/gecko/ipc/chromium/src/chrome/common/ipc_channel_win.cc:545

###!!! [Child][MessageChannel] Error: (msgtype=0x6B0027,name=PNecko::Msg_RemoveRequestContext) Channel closing: too late to send/recv, messages will be lost


###!!! [Child][RunMessage] Error: Channel closing: too late to send/recv, messages will be lost


###!!! [Child][RunMessage] Error: Channel closing: too late to send/recv, messages will be lost


###!!! [Child][RunMessage] Error: Channel closing: too late to send/recv, messages will be lost


###!!! [Child][RunMessage] Error: Channel closing: too late to send/recv, messages will be lost

1608591936220	geckodriver	INFO	Listening on 127.0.0.1:53301
1608591939290	mozrunner::runner	INFO	Running command: "C:\\Program Files\\Mozilla Firefox\\firefox.exe" "--marionette" "-foreground" "-no-remote" "-profile" "C:\\Users\\Lenovo\\AppData\\Local\\Temp\\rust_mozprofileBpH7f1"
Can't find symbol 'eglSwapBuffersWithDamageEXT'.
Can't find symbol 'eglSetDamageRegionKHR'.
console.warn: SearchSettings: "get: No settings file exists, new profile?" (new Error("", "(unknown module)"))
1608591943560	Marionette	INFO	Listening on port 53310
1608591943639	Marionette	WARN	TLS certificate errors will be ignored for this session
1608591980038	Marionette	INFO	Stopped listening on port 53310

###!!! [Child][RunMessage] Error: Channel closing: too late to send/recv, messages will be lost

1608592008348	geckodriver	INFO	Listening on 127.0.0.1:53479
1608592011407	mozrunner::runner	INFO	Running command: "C:\\Program Files\\Mozilla Firefox\\firefox.exe" "--marionette" "-foreground" "-no-remote" "-profile" "C:\\Users\\Lenovo\\AppData\\Local\\Temp\\rust_mozprofiler9k875"
Can't find symbol 'eglSwapBuffersWithDamageEXT'.
Can't find symbol 'eglSetDamageRegionKHR'.
1608592045805	geckodriver	INFO	Listening on 127.0.0.1:53516
1608592048866	mozrunner::runner	INFO	Running command: "C:\\Program Files\\Mozilla Firefox\\firefox.exe" "--marionette" "-foreground" "-no-remote" "-profile" "C:\\Users\\Lenovo\\AppData\\Local\\Temp\\rust_mozprofilegKtYca"
Can't find symbol 'eglSwapBuffersWithDamageEXT'.
Can't find symbol 'eglSetDamageRegionKHR'.
console.warn: SearchSettings: "get: No settings file exists, new profile?" (new Error("", "(unknown module)"))
1608592053046	Marionette	INFO	Listening on port 53525
1608592053176	Marionette	WARN	TLS certificate errors will be ignored for this session
1608592090048	Marionette	INFO	Stopped listening on port 53525

###!!! [Child][RunMessage] Error: Channel closing: too late to send/recv, messages will be lost


###!!! [Child][RunMessage] Error: Channel closing: too late to send/recv, messages will be lost


###!!! [Child][RunMessage] Error: Channel closing: too late to send/recv, messages will be lost


###!!! [Child][RunMessage] Error: Channel closing: too late to send/recv, messages will be lost

1608592135146	geckodriver	INFO	Listening on 127.0.0.1:53695
1608592138229	mozrunner::runner	INFO	Running command: "C:\\Program Files\\Mozilla Firefox\\firefox.exe" "--marionette" "-foreground" "-no-remote" "-profile" "C:\\Users\\Lenovo\\AppData\\Local\\Temp\\rust_mozprofile2cqJDR"
Can't find symbol 'eglSwapBuffersWithDamageEXT'.
Can't find symbol 'eglSetDamageRegionKHR'.
console.warn: SearchSettings: "get: No settings file exists, new profile?" (new Error("", "(unknown module)"))
1608592142118	Marionette	INFO	Listening on port 53704
1608592142477	Marionette	WARN	TLS certificate errors will be ignored for this session
JavaScript error: , line 0: NotFoundError: No such JSWindowActor 'MarionetteEvents'
1608592180074	Marionette	INFO	Stopped listening on port 53704

###!!! [Child][RunMessage] Error: Channel closing: too late to send/recv, messages will be lost

1608592202164	geckodriver	INFO	Listening on 127.0.0.1:53868
1608592205266	mozrunner::runner	INFO	Running command: "C:\\Program Files\\Mozilla Firefox\\firefox.exe" "--marionette" "-foreground" "-no-remote" "-profile" "C:\\Users\\Lenovo\\AppData\\Local\\Temp\\rust_mozprofileDknQN0"
Can't find symbol 'eglSwapBuffersWithDamageEXT'.
Can't find symbol 'eglSetDamageRegionKHR'.
console.warn: SearchSettings: "get: No settings file exists, new profile?" (new Error("", "(unknown module)"))
1608592209375	Marionette	INFO	Listening on port 53877
1608592209498	Marionette	WARN	TLS certificate errors will be ignored for this session
1608592246300	Marionette	INFO	Stopped listening on port 53877

###!!! [Child][RunMessage] Error: Channel closing: too late to send/recv, messages will be lost


###!!! [Child][RunMessage] Error: Channel closing: too late to send/recv, messages will be lost


###!!! [Child][RunMessage] Error: Channel closing: too late to send/recv, messages will be lost

1608592358757	geckodriver	INFO	Listening on 127.0.0.1:54088
1608592361837	mozrunner::runner	INFO	Running command: "C:\\Program Files\\Mozilla Firefox\\firefox.exe" "--marionette" "-foreground" "-no-remote" "-profile" "C:\\Users\\Lenovo\\AppData\\Local\\Temp\\rust_mozprofilevG4GcH"
Can't find symbol 'eglSwapBuffersWithDamageEXT'.
Can't find symbol 'eglSetDamageRegionKHR'.
console.warn: SearchSettings: "get: No settings file exists, new profile?" (new Error("", "(unknown module)"))
1608592365723	Marionette	INFO	Listening on port 54097
1608592366086	Marionette	WARN	TLS certificate errors will be ignored for this session
1608592385898	Marionette	WARN	Ignoring event 'DOMContentLoaded' because document has an invalid readyState of 'complete'.
1608592403078	Marionette	INFO	Stopped listening on port 54097

###!!! [Child][RunMessage] Error: Channel closing: too late to send/recv, messages will be lost

1608592548303	geckodriver	INFO	Listening on 127.0.0.1:54327
1608592551376	mozrunner::runner	INFO	Running command: "C:\\Program Files\\Mozilla Firefox\\firefox.exe" "--marionette" "-foreground" "-no-remote" "-profile" "C:\\Users\\Lenovo\\AppData\\Local\\Temp\\rust_mozprofile3AVHtr"
Can't find symbol 'eglSwapBuffersWithDamageEXT'.
Can't find symbol 'eglSetDamageRegionKHR'.
console.warn: SearchSettings: "get: No settings file exists, new profile?" (new Error("", "(unknown module)"))
1608592555778	Marionette	INFO	Listening on port 54336
1608592556257	Marionette	WARN	TLS certificate errors will be ignored for this session
1608592616981	geckodriver	INFO	Listening on 127.0.0.1:54483
1608592620044	mozrunner::runner	INFO	Running command: "C:\\Program Files\\Mozilla Firefox\\firefox.exe" "--marionette" "-foreground" "-no-remote" "-profile" "C:\\Users\\Lenovo\\AppData\\Local\\Temp\\rust_mozprofileNiRyyP"
Can't find symbol 'eglSwapBuffersWithDamageEXT'.
Can't find symbol 'eglSetDamageRegionKHR'.
console.warn: SearchSettings: "get: No settings file exists, new profile?" (new Error("", "(unknown module)"))
1608592623627	Marionette	INFO	Listening on port 54492
1608592623769	Marionette	WARN	TLS certificate errors will be ignored for this session
1608592650191	Marionette	INFO	Stopped listening on port 54492

###!!! [Child][RunMessage] Error: Channel closing: too late to send/recv, messages will be lost


###!!! [Child][RunMessage] Error: Channel closing: too late to send/recv, messages will be lost

1608592769575	geckodriver	INFO	Listening on 127.0.0.1:54690
1608592772669	mozrunner::runner	INFO	Running command: "C:\\Program Files\\Mozilla Firefox\\firefox.exe" "--marionette" "-foreground" "-no-remote" "-profile" "C:\\Users\\Lenovo\\AppData\\Local\\Temp\\rust_mozprofile27FXjo"
Can't find symbol 'eglSwapBuffersWithDamageEXT'.
Can't find symbol 'eglSetDamageRegionKHR'.
console.warn: SearchSettings: "get: No settings file exists, new profile?" (new Error("", "(unknown module)"))
1608592776735	Marionette	INFO	Listening on port 54700
1608592776910	Marionette	WARN	TLS certificate errors will be ignored for this session
1608592804057	Marionette	INFO	Stopped listening on port 54700

###!!! [Child][RunMessage] Error: Channel closing: too late to send/recv, messages will be lost

1608592881463	geckodriver	INFO	Listening on 127.0.0.1:54883
1608592884546	mozrunner::runner	INFO	Running command: "C:\\Program Files\\Mozilla Firefox\\firefox.exe" "--marionette" "-foreground" "-no-remote" "-profile" "C:\\Users\\Lenovo\\AppData\\Local\\Temp\\rust_mozprofile6I69fy"
Can't find symbol 'eglSwapBuffersWithDamageEXT'.
Can't find symbol 'eglSetDamageRegionKHR'.
console.warn: SearchSettings: "get: No settings file exists, new profile?" (new Error("", "(unknown module)"))
1608592888335	Marionette	INFO	Listening on port 54893
1608592888802	Marionette	WARN	TLS certificate errors will be ignored for this session
1608592932804	geckodriver	INFO	Listening on 127.0.0.1:55031
1608592935890	mozrunner::runner	INFO	Running command: "C:\\Program Files\\Mozilla Firefox\\firefox.exe" "--marionette" "-foreground" "-no-remote" "-profile" "C:\\Users\\Lenovo\\AppData\\Local\\Temp\\rust_mozprofileQ6o9CF"
Can't find symbol 'eglSwapBuffersWithDamageEXT'.
Can't find symbol 'eglSetDamageRegionKHR'.
console.warn: SearchSettings: "get: No settings file exists, new profile?" (new Error("", "(unknown module)"))
1608592939873	Marionette	INFO	Listening on port 55040
1608592940118	Marionette	WARN	TLS certificate errors will be ignored for this session
JavaScript error: , line 0: NotFoundError: No such JSWindowActor 'MarionetteEvents'
JavaScript error: , line 0: NotFoundError: No such JSWindowActor 'MarionetteEvents'
JavaScript error: , line 0: NotFoundError: No such JSWindowActor 'MarionetteEvents'
1608592968745	Marionette	INFO	Stopped listening on port 55040

###!!! [Child][RunMessage] Error: Channel closing: too late to send/recv, messages will be lost


###!!! [Child][RunMessage] Error: Channel closing: too late to send/recv, messages will be lost

1608593201069	geckodriver	INFO	Listening on 127.0.0.1:52982
1608593204112	mozrunner::runner	INFO	Running command: "C:\\Program Files\\Mozilla Firefox\\firefox.exe" "--marionette" "-foreground" "-no-remote" "-profile" "C:\\Users\\Lenovo\\AppData\\Local\\Temp\\rust_mozprofilenawNg7"
Can't find symbol 'eglSwapBuffersWithDamageEXT'.
Can't find symbol 'eglSetDamageRegionKHR'.
console.warn: SearchSettings: "get: No settings file exists, new profile?" (new Error("", "(unknown module)"))
1608593207588	Marionette	INFO	Listening on port 52991
1608593207811	Marionette	WARN	TLS certificate errors will be ignored for this session
1608593231204	Marionette	INFO	Stopped listening on port 52991
JavaScript error: https://secure.booking.com/general.hu.html?label=gen173nr-1FCAEoggI46AdIM1gEaGeIAQGYARG4ARfIAQ_YAQHoAQH4AQuIAgGoAgO4ArjehP8FwAIB0gIkNTI1NTlhZWMtNjJjNy00MGU1LTlmZmQtNWYyYTgzYzMwNDQw2AIG4AIB;sid=9d98c8a1e62d7a9707e5acd1b79f9bfa;srpvid=01b6a4e063f5004b&;tmpl=preload_assets, line 42: TypeError: document.body is null

###!!! [Child][RunMessage] Error: Channel closing: too late to send/recv, messages will be lost

1608593312482	geckodriver	INFO	Listening on 127.0.0.1:59721
1608593315554	mozrunner::runner	INFO	Running command: "C:\\Program Files\\Mozilla Firefox\\firefox.exe" "--marionette" "-foreground" "-no-remote" "-profile" "C:\\Users\\Lenovo\\AppData\\Local\\Temp\\rust_mozprofileN69FIF"
Can't find symbol 'eglSwapBuffersWithDamageEXT'.
Can't find symbol 'eglSetDamageRegionKHR'.
console.warn: SearchSettings: "get: No settings file exists, new profile?" (new Error("", "(unknown module)"))
1608593319587	Marionette	INFO	Listening on port 59732
1608593319795	Marionette	WARN	TLS certificate errors will be ignored for this session
1608593350209	Marionette	INFO	Stopped listening on port 59732

###!!! [Child][RunMessage] Error: Channel closing: too late to send/recv, messages will be lost

1608593373315	geckodriver	INFO	Listening on 127.0.0.1:59881
1608593376422	mozrunner::runner	INFO	Running command: "C:\\Program Files\\Mozilla Firefox\\firefox.exe" "--marionette" "-foreground" "-no-remote" "-profile" "C:\\Users\\Lenovo\\AppData\\Local\\Temp\\rust_mozprofileKDWYc1"
Can't find symbol 'eglSwapBuffersWithDamageEXT'.
Can't find symbol 'eglSetDamageRegionKHR'.
console.warn: SearchSettings: "get: No settings file exists, new profile?" (new Error("", "(unknown module)"))
1608593380725	Marionette	INFO	Listening on port 59890
1608593381278	Marionette	WARN	TLS certificate errors will be ignored for this session
JavaScript error: , line 0: NotFoundError: No such JSWindowActor 'MarionetteEvents'
1608593405201	Marionette	INFO	Stopped listening on port 59890
1608593727874	geckodriver	INFO	Listening on 127.0.0.1:60258
1608593730941	mozrunner::runner	INFO	Running command: "C:\\Program Files\\Mozilla Firefox\\firefox.exe" "--marionette" "-foreground" "-no-remote" "-profile" "C:\\Users\\Lenovo\\AppData\\Local\\Temp\\rust_mozprofileEnri0f"
Can't find symbol 'eglSwapBuffersWithDamageEXT'.
Can't find symbol 'eglSetDamageRegionKHR'.
console.warn: SearchSettings: "get: No settings file exists, new profile?" (new Error("", "(unknown module)"))
1608593735193	Marionette	INFO	Listening on port 60267
1608593735296	Marionette	WARN	TLS certificate errors will be ignored for this session
1608593762183	Marionette	INFO	Stopped listening on port 60267

###!!! [Child][RunMessage] Error: Channel closing: too late to send/recv, messages will be lost

